<?xml version="1.0" encoding="UTF-8"?>
<!-- Generated by org.testng.reporters.JUnitXMLReporter -->
<testsuite ignored="4" hostname="amit-IdeaPad-3-15ITL6" failures="0" tests="3" name="CismeFormFill" time="24.286" errors="0" timestamp="2024-08-29T14:50:47 IST">
  <testcase classname="Automation.Form_Automation" name="LaunchBrowser" time="0.967"/>
  <testcase classname="Automation.Form_Automation" name="VisitSite" time="1.589"/>
  <testcase classname="Automation.Form_Automation" name="GodrejFormFill" time="21.686"/>
  <testcase classname="Automation.Form_Automation" name="FillIpriveForm" time="0.0">
    <ignored/>
  </testcase> <!-- FillIpriveForm -->
  <testcase classname="Automation.Form_Automation" name="FillForm" time="0.0">
    <ignored/>
  </testcase> <!-- FillForm -->
  <testcase classname="Automation.Form_Automation" name="MarketingFormFill" time="0.0">
    <ignored/>
  </testcase> <!-- MarketingFormFill -->
  <testcase classname="Automation.Form_Automation" name="GcpitFormFill" time="0.0">
    <ignored/>
  </testcase> <!-- GcpitFormFill -->
</testsuite> <!-- CismeFormFill -->
