<?xml version="1.0" encoding="UTF-8"?>
<!-- Generated by org.testng.reporters.JUnitXMLReporter -->
<testsuite ignored="1" hostname="amit-IdeaPad-3-15ITL6" failures="0" tests="3" name="Form_Fill_Iprive" time="63.949" errors="0" timestamp="2024-08-29T11:31:33 IST">
  <testcase classname="Automation.Form_Automation" name="LaunchBrowser" time="3.221"/>
  <testcase classname="Automation.Form_Automation" name="VisitSite" time="3.509"/>
  <testcase classname="Automation.Form_Automation" name="FillIpriveForm" time="57.172"/>
  <testcase classname="Automation.Form_Automation" name="FillForm" time="0.0">
    <ignored/>
  </testcase> <!-- FillForm -->
</testsuite> <!-- Form_Fill_Iprive -->
