<?xml version="1.0" encoding="UTF-8"?>
<!-- Generated by org.testng.reporters.JUnitXMLReporter -->
<testsuite ignored="3" hostname="amit-IdeaPad-3-15ITL6" failures="0" tests="3" name="Form_Fill_Gcpit" time="54.476" errors="0" timestamp="2024-08-29T13:18:32 IST">
  <testcase classname="Automation.Form_Automation" name="LaunchBrowser" time="0.965"/>
  <testcase classname="Automation.Form_Automation" name="VisitSite" time="1.457"/>
  <testcase classname="Automation.Form_Automation" name="GcpitFormFill" time="52.012"/>
  <testcase classname="Automation.Form_Automation" name="FillIpriveForm" time="0.0">
    <ignored/>
  </testcase> <!-- FillIpriveForm -->
  <testcase classname="Automation.Form_Automation" name="FillForm" time="0.0">
    <ignored/>
  </testcase> <!-- FillForm -->
  <testcase classname="Automation.Form_Automation" name="GodrejFormFill" time="0.0">
    <ignored/>
  </testcase> <!-- GodrejFormFill -->
</testsuite> <!-- Form_Fill_Gcpit -->
