<?xml version="1.0" encoding="UTF-8"?>
<!-- Generated by org.testng.reporters.JUnitXMLReporter -->
<testsuite ignored="1" hostname="amit-IdeaPad-3-15ITL6" failures="0" tests="3" name="Form_Fill_Leads" time="23.577" errors="0" timestamp="2024-08-29T12:24:24 IST">
  <testcase classname="Automation.Form_Automation" name="LaunchBrowser" time="0.631"/>
  <testcase classname="Automation.Form_Automation" name="VisitSite" time="1.545"/>
  <testcase classname="Automation.Form_Automation" name="FillForm" time="21.391"/>
  <testcase classname="Automation.Form_Automation" name="FillIpriveForm" time="0.0">
    <ignored/>
  </testcase> <!-- FillIpriveForm -->
</testsuite> <!-- Form_Fill_Leads -->
