<?xml version="1.0" encoding="UTF-8"?>
<!-- Generated by org.testng.reporters.JUnitXMLReporter -->
<testsuite ignored="2" hostname="amit-IdeaPad-3-15ITL6" failures="0" tests="3" name="Form_Fill_Zoho" time="24.022" errors="0" timestamp="2024-08-29T12:38:16 IST">
  <testcase classname="Automation.Form_Automation" name="LaunchBrowser" time="0.875"/>
  <testcase classname="Automation.Form_Automation" name="VisitSite" time="1.521"/>
  <testcase classname="Automation.Form_Automation" name="GodrejFormFill" time="21.582"/>
  <testcase classname="Automation.Form_Automation" name="FillIpriveForm" time="0.0">
    <ignored/>
  </testcase> <!-- FillIpriveForm -->
  <testcase classname="Automation.Form_Automation" name="FillForm" time="0.0">
    <ignored/>
  </testcase> <!-- FillForm -->
</testsuite> <!-- Form_Fill_Zoho -->
