<?xml version="1.0" encoding="UTF-8"?>
<!-- Generated by org.testng.reporters.JUnitXMLReporter -->
<testsuite ignored="5" hostname="amit-IdeaPad-3-15ITL6" failures="0" tests="3" name="I2CFormFill" time="23.609" errors="0" timestamp="2024-08-29T15:00:20 IST">
  <testcase classname="Automation.Form_Automation" name="LaunchBrowser" time="0.957"/>
  <testcase classname="Automation.Form_Automation" name="VisitSite" time="1.353"/>
  <testcase classname="Automation.Form_Automation" name="Invoice2Cash" time="21.253"/>
  <testcase classname="Automation.Form_Automation" name="MarketingFormFill" time="0.0">
    <ignored/>
  </testcase> <!-- MarketingFormFill -->
  <testcase classname="Automation.Form_Automation" name="GcpitFormFill" time="0.0">
    <ignored/>
  </testcase> <!-- GcpitFormFill -->
  <testcase classname="Automation.Form_Automation" name="FillIpriveForm" time="0.0">
    <ignored/>
  </testcase> <!-- FillIpriveForm -->
  <testcase classname="Automation.Form_Automation" name="FillForm" time="0.0">
    <ignored/>
  </testcase> <!-- FillForm -->
  <testcase classname="Automation.Form_Automation" name="GodrejFormFill" time="0.0">
    <ignored/>
  </testcase> <!-- GodrejFormFill -->
</testsuite> <!-- I2CFormFill -->
