<?xml version="1.0" encoding="UTF-8"?>
<!-- Generated by org.testng.reporters.JUnitXMLReporter -->
<testsuite ignored="4" hostname="amit-IdeaPad-3-15ITL6" failures="0" tests="3" name="Marketing_Form_Fill" time="24.279" errors="0" timestamp="2024-08-29T13:22:43 IST">
  <testcase classname="Automation.Form_Automation" name="LaunchBrowser" time="0.894"/>
  <testcase classname="Automation.Form_Automation" name="VisitSite" time="2.203"/>
  <testcase classname="Automation.Form_Automation" name="MarketingFormFill" time="21.146"/>
  <testcase classname="Automation.Form_Automation" name="FillIpriveForm" time="0.0">
    <ignored/>
  </testcase> <!-- FillIpriveForm -->
  <testcase classname="Automation.Form_Automation" name="GodrejFormFill" time="0.0">
    <ignored/>
  </testcase> <!-- GodrejFormFill -->
  <testcase classname="Automation.Form_Automation" name="FillForm" time="0.0">
    <ignored/>
  </testcase> <!-- FillForm -->
  <testcase classname="Automation.Form_Automation" name="GcpitFormFill" time="0.0">
    <ignored/>
  </testcase> <!-- GcpitFormFill -->
</testsuite> <!-- Marketing_Form_Fill -->
