<?xml version="1.0" encoding="UTF-8"?>
<testng-results ignored="0" total="3" passed="3" failed="0" skipped="0">
  <reporter-output>
  </reporter-output>
  <suite started-at="2024-08-29T11:30:29 IST" name="Suite" finished-at="2024-08-29T11:31:33 IST" duration-ms="63949">
    <groups>
    </groups>
    <test started-at="2024-08-29T11:30:29 IST" name="Form_Fill_Iprive" finished-at="2024-08-29T11:31:33 IST" duration-ms="63949">
      <class name="Automation.Form_Automation">
        <test-method signature="LaunchBrowser()[pri:0, instance:Automation.Form_Automation@6973b51b]" started-at="2024-08-29T11:30:29 IST" name="LaunchBrowser" finished-at="2024-08-29T11:30:33 IST" duration-ms="3221" status="PASS">
          <reporter-output>
          </reporter-output>
        </test-method> <!-- LaunchBrowser -->
        <test-method signature="VisitSite(java.lang.String)[pri:0, instance:Automation.Form_Automation@6973b51b]" started-at="2024-08-29T11:30:33 IST" name="VisitSite" finished-at="2024-08-29T11:30:36 IST" duration-ms="3509" status="PASS">
          <params>
            <param index="0">
              <value>
                <![CDATA[https://leads-uat.escrowpayindia.com/iprive-form]]>
              </value>
            </param>
          </params>
          <reporter-output>
          </reporter-output>
        </test-method> <!-- VisitSite -->
        <test-method signature="FillIpriveForm()[pri:0, instance:Automation.Form_Automation@6973b51b]" started-at="2024-08-29T11:30:36 IST" name="FillIpriveForm" finished-at="2024-08-29T11:31:33 IST" duration-ms="57172" status="PASS">
          <reporter-output>
          </reporter-output>
        </test-method> <!-- FillIpriveForm -->
      </class> <!-- Automation.Form_Automation -->
    </test> <!-- Form_Fill_Iprive -->
  </suite> <!-- Suite -->
</testng-results>
