<?xml version="1.0" encoding="UTF-8"?>
<testng-results ignored="0" total="3" passed="3" failed="0" skipped="0">
  <reporter-output>
  </reporter-output>
  <suite started-at="2024-08-29T15:12:50 IST" name="Suite" finished-at="2024-08-29T15:13:13 IST" duration-ms="23677">
    <groups>
    </groups>
    <test started-at="2024-08-29T15:12:50 IST" name="Form_Fill_Main" finished-at="2024-08-29T15:13:13 IST" duration-ms="23677">
      <class name="Automation.Form_Automation">
        <test-method signature="LaunchBrowser()[pri:0, instance:Automation.Form_Automation@479d31f3]" started-at="2024-08-29T15:12:50 IST" name="LaunchBrowser" finished-at="2024-08-29T15:12:50 IST" duration-ms="887" status="PASS">
          <reporter-output>
          </reporter-output>
        </test-method> <!-- LaunchBrowser -->
        <test-method signature="VisitSite(java.lang.String)[pri:0, instance:Automation.Form_Automation@479d31f3]" started-at="2024-08-29T15:12:50 IST" name="VisitSite" finished-at="2024-08-29T15:12:52 IST" duration-ms="1448" status="PASS">
          <params>
            <param index="0">
              <value>
                <![CDATA[https://leads-uat.escrowpayindia.com/]]>
              </value>
            </param>
          </params>
          <reporter-output>
          </reporter-output>
        </test-method> <!-- VisitSite -->
        <test-method signature="FillForm()[pri:0, instance:Automation.Form_Automation@479d31f3]" started-at="2024-08-29T15:12:52 IST" name="FillForm" finished-at="2024-08-29T15:13:13 IST" duration-ms="21296" status="PASS">
          <reporter-output>
          </reporter-output>
        </test-method> <!-- FillForm -->
      </class> <!-- Automation.Form_Automation -->
    </test> <!-- Form_Fill_Main -->
  </suite> <!-- Suite -->
</testng-results>
